<?xml version="1.0" encoding="UTF-8"?>
<!-- Generated by org.testng.reporters.JUnitReportReporter -->
<testsuite skipped="0" hostname="ASDA0081" name="com.qait.testing.Maven_Tatoc.MavenTatoc" tests="6" failures="0" timestamp="20 Jun 2018 10:43:28 GMT" time="1.839" errors="0">
  <testcase name="frameDungeon" time="0.521" classname="com.qait.testing.Maven_Tatoc.MavenTatoc"/>
  <testcase name="dragDop" time="0.311" classname="com.qait.testing.Maven_Tatoc.MavenTatoc"/>
  <testcase name="basicCourse" time="0.137" classname="com.qait.testing.Maven_Tatoc.MavenTatoc"/>
  <testcase name="popUpWindows" time="0.418" classname="com.qait.testing.Maven_Tatoc.MavenTatoc"/>
  <testcase name="greenBox" time="0.174" classname="com.qait.testing.Maven_Tatoc.MavenTatoc"/>
  <testcase name="cookieHandling" time="0.278" classname="com.qait.testing.Maven_Tatoc.MavenTatoc"/>
</testsuite> <!-- com.qait.testing.Maven_Tatoc.MavenTatoc -->
